[0.011s] Invoking command in '/home/santiago/AiAtonomousRc/build/rc_sim_description': CMAKE_PREFIX_PATH=${CMAKE_PREFIX_PATH}:/opt/ros/jazzy DEBUGINFOD_URLS=https://debuginfod.ubuntu.com /usr/bin/cmake --build /home/santiago/AiAtonomousRc/build/rc_sim_description -- -j22 -l22
[0.044s] Invoked command in '/home/santiago/AiAtonomousRc/build/rc_sim_description' returned '0': CMAKE_PREFIX_PATH=${CMAKE_PREFIX_PATH}:/opt/ros/jazzy DEBUGINFOD_URLS=https://debuginfod.ubuntu.com /usr/bin/cmake --build /home/santiago/AiAtonomousRc/build/rc_sim_description -- -j22 -l22
[0.053s] Invoking command in '/home/santiago/AiAtonomousRc/build/rc_sim_description': CMAKE_PREFIX_PATH=${CMAKE_PREFIX_PATH}:/opt/ros/jazzy DEBUGINFOD_URLS=https://debuginfod.ubuntu.com /usr/bin/cmake --install /home/santiago/AiAtonomousRc/build/rc_sim_description
[0.061s] -- Install configuration: ""
[0.061s] -- Up-to-date: /home/santiago/AiAtonomousRc/install/rc_sim_description/share/rc_sim_description/launch
[0.061s] -- Up-to-date: /home/santiago/AiAtonomousRc/install/rc_sim_description/share/rc_sim_description/launch/spawn_rc_car.launch.py
[0.061s] -- Up-to-date: /home/santiago/AiAtonomousRc/install/rc_sim_description/share/rc_sim_description/urdf
[0.061s] -- Up-to-date: /home/santiago/AiAtonomousRc/install/rc_sim_description/share/rc_sim_description/urdf/rc_car.urdf.xacro
[0.061s] -- Up-to-date: /home/santiago/AiAtonomousRc/install/rc_sim_description/share/rc_sim_description/worlds
[0.061s] -- Installing: /home/santiago/AiAtonomousRc/install/rc_sim_description/share/rc_sim_description/worlds/basic_track.world
[0.062s] -- Installing: /home/santiago/AiAtonomousRc/install/rc_sim_description/share/rc_sim_description/worlds/flat_track.world
[0.062s] -- Up-to-date: /home/santiago/AiAtonomousRc/install/rc_sim_description/share/rc_sim_description/config
[0.062s] -- Up-to-date: /home/santiago/AiAtonomousRc/install/rc_sim_description/share/rc_sim_description/config/rviz
[0.062s] -- Up-to-date: /home/santiago/AiAtonomousRc/install/rc_sim_description/share/rc_sim_description/config/rviz/rc_car.rviz
[0.062s] -- Up-to-date: /home/santiago/AiAtonomousRc/install/rc_sim_description/share/rc_sim_description/meshes
[0.062s] -- Up-to-date: /home/santiago/AiAtonomousRc/install/rc_sim_description/share/ament_index/resource_index/package_run_dependencies/rc_sim_description
[0.062s] -- Up-to-date: /home/santiago/AiAtonomousRc/install/rc_sim_description/share/ament_index/resource_index/parent_prefix_path/rc_sim_description
[0.062s] -- Up-to-date: /home/santiago/AiAtonomousRc/install/rc_sim_description/share/rc_sim_description/environment/ament_prefix_path.sh
[0.062s] -- Up-to-date: /home/santiago/AiAtonomousRc/install/rc_sim_description/share/rc_sim_description/environment/ament_prefix_path.dsv
[0.062s] -- Up-to-date: /home/santiago/AiAtonomousRc/install/rc_sim_description/share/rc_sim_description/environment/path.sh
[0.062s] -- Up-to-date: /home/santiago/AiAtonomousRc/install/rc_sim_description/share/rc_sim_description/environment/path.dsv
[0.062s] -- Up-to-date: /home/santiago/AiAtonomousRc/install/rc_sim_description/share/rc_sim_description/local_setup.bash
[0.062s] -- Up-to-date: /home/santiago/AiAtonomousRc/install/rc_sim_description/share/rc_sim_description/local_setup.sh
[0.062s] -- Up-to-date: /home/santiago/AiAtonomousRc/install/rc_sim_description/share/rc_sim_description/local_setup.zsh
[0.062s] -- Up-to-date: /home/santiago/AiAtonomousRc/install/rc_sim_description/share/rc_sim_description/local_setup.dsv
[0.062s] -- Installing: /home/santiago/AiAtonomousRc/install/rc_sim_description/share/rc_sim_description/package.dsv
[0.062s] -- Up-to-date: /home/santiago/AiAtonomousRc/install/rc_sim_description/share/ament_index/resource_index/packages/rc_sim_description
[0.062s] -- Up-to-date: /home/santiago/AiAtonomousRc/install/rc_sim_description/share/rc_sim_description/cmake/rc_sim_descriptionConfig.cmake
[0.062s] -- Up-to-date: /home/santiago/AiAtonomousRc/install/rc_sim_description/share/rc_sim_description/cmake/rc_sim_descriptionConfig-version.cmake
[0.062s] -- Up-to-date: /home/santiago/AiAtonomousRc/install/rc_sim_description/share/rc_sim_description/package.xml
[0.063s] Invoked command in '/home/santiago/AiAtonomousRc/build/rc_sim_description' returned '0': CMAKE_PREFIX_PATH=${CMAKE_PREFIX_PATH}:/opt/ros/jazzy DEBUGINFOD_URLS=https://debuginfod.ubuntu.com /usr/bin/cmake --install /home/santiago/AiAtonomousRc/build/rc_sim_description
