-- Install configuration: ""
-- Up-to-date: /home/santiago/AiAtonomousRc/install/rc_sim_description/share/rc_sim_description/launch
-- Up-to-date: /home/santiago/AiAtonomousRc/install/rc_sim_description/share/rc_sim_description/launch/spawn_rc_car.launch.py
-- Up-to-date: /home/santiago/AiAtonomousRc/install/rc_sim_description/share/rc_sim_description/urdf
-- Up-to-date: /home/santiago/AiAtonomousRc/install/rc_sim_description/share/rc_sim_description/urdf/rc_car.urdf.xacro
-- Up-to-date: /home/santiago/AiAtonomousRc/install/rc_sim_description/share/rc_sim_description/worlds
-- Up-to-date: /home/santiago/AiAtonomousRc/install/rc_sim_description/share/rc_sim_description/worlds/basic_track.world
-- Up-to-date: /home/santiago/AiAtonomousRc/install/rc_sim_description/share/rc_sim_description/worlds/flat_track.world
-- Up-to-date: /home/santiago/AiAtonomousRc/install/rc_sim_description/share/rc_sim_description/config
-- Up-to-date: /home/santiago/AiAtonomousRc/install/rc_sim_description/share/rc_sim_description/config/rviz
-- Up-to-date: /home/santiago/AiAtonomousRc/install/rc_sim_description/share/rc_sim_description/config/rviz/rc_car.rviz
-- Up-to-date: /home/santiago/AiAtonomousRc/install/rc_sim_description/share/rc_sim_description/meshes
-- Up-to-date: /home/santiago/AiAtonomousRc/install/rc_sim_description/share/ament_index/resource_index/package_run_dependencies/rc_sim_description
-- Up-to-date: /home/santiago/AiAtonomousRc/install/rc_sim_description/share/ament_index/resource_index/parent_prefix_path/rc_sim_description
-- Up-to-date: /home/santiago/AiAtonomousRc/install/rc_sim_description/share/rc_sim_description/environment/ament_prefix_path.sh
-- Up-to-date: /home/santiago/AiAtonomousRc/install/rc_sim_description/share/rc_sim_description/environment/ament_prefix_path.dsv
-- Up-to-date: /home/santiago/AiAtonomousRc/install/rc_sim_description/share/rc_sim_description/environment/path.sh
-- Up-to-date: /home/santiago/AiAtonomousRc/install/rc_sim_description/share/rc_sim_description/environment/path.dsv
-- Up-to-date: /home/santiago/AiAtonomousRc/install/rc_sim_description/share/rc_sim_description/local_setup.bash
-- Up-to-date: /home/santiago/AiAtonomousRc/install/rc_sim_description/share/rc_sim_description/local_setup.sh
-- Up-to-date: /home/santiago/AiAtonomousRc/install/rc_sim_description/share/rc_sim_description/local_setup.zsh
-- Up-to-date: /home/santiago/AiAtonomousRc/install/rc_sim_description/share/rc_sim_description/local_setup.dsv
-- Installing: /home/santiago/AiAtonomousRc/install/rc_sim_description/share/rc_sim_description/package.dsv
-- Up-to-date: /home/santiago/AiAtonomousRc/install/rc_sim_description/share/ament_index/resource_index/packages/rc_sim_description
-- Up-to-date: /home/santiago/AiAtonomousRc/install/rc_sim_description/share/rc_sim_description/cmake/rc_sim_descriptionConfig.cmake
-- Up-to-date: /home/santiago/AiAtonomousRc/install/rc_sim_description/share/rc_sim_description/cmake/rc_sim_descriptionConfig-version.cmake
-- Up-to-date: /home/santiago/AiAtonomousRc/install/rc_sim_description/share/rc_sim_description/package.xml
