[0.141s] DEBUG:colcon:Command line arguments: ['/usr/bin/colcon', 'build']
[0.141s] DEBUG:colcon:Parsed command line arguments: Namespace(log_base=None, log_level=None, verb_name='build', build_base='build', install_base='install', merge_install=False, symlink_install=False, test_result_base=None, continue_on_error=False, executor='parallel', parallel_workers=22, event_handlers=None, ignore_user_meta=False, metas=['./colcon.meta'], base_paths=['.'], packages_ignore=None, packages_ignore_regex=None, paths=None, packages_up_to=None, packages_up_to_regex=None, packages_above=None, packages_above_and_dependencies=None, packages_above_depth=None, packages_select_by_dep=None, packages_skip_by_dep=None, packages_skip_up_to=None, packages_select_build_failed=False, packages_skip_build_finished=False, packages_select_test_failures=False, packages_skip_test_passed=False, packages_select=None, packages_skip=None, packages_select_regex=None, packages_skip_regex=None, packages_start=None, packages_end=None, allow_overriding=[], cmake_args=None, cmake_target=None, cmake_target_skip_unavailable=False, cmake_clean_cache=False, cmake_clean_first=False, cmake_force_configure=False, ament_cmake_args=None, catkin_cmake_args=None, catkin_skip_building_tests=False, verb_parser=<colcon_defaults.argument_parser.defaults.DefaultArgumentsDecorator object at 0x720efcc67200>, verb_extension=<colcon_core.verb.build.BuildVerb object at 0x720efcc66e40>, main=<bound method BuildVerb.main of <colcon_core.verb.build.BuildVerb object at 0x720efcc66e40>>)
[0.170s] Level 1:colcon.colcon_core.package_discovery:discover_packages(colcon_meta) check parameters
[0.170s] Level 1:colcon.colcon_core.package_discovery:discover_packages(recursive) check parameters
[0.170s] Level 1:colcon.colcon_core.package_discovery:discover_packages(ignore) check parameters
[0.170s] Level 1:colcon.colcon_core.package_discovery:discover_packages(path) check parameters
[0.170s] Level 1:colcon.colcon_core.package_discovery:discover_packages(colcon_meta) discover
[0.170s] Level 1:colcon.colcon_core.package_discovery:discover_packages(recursive) discover
[0.171s] INFO:colcon.colcon_core.package_discovery:Crawling recursively for packages in '/home/santiago/AiAtonomousRc'
[0.171s] Level 1:colcon.colcon_core.package_identification:_identify(.) by extensions ['ignore', 'ignore_ament_install']
[0.171s] Level 1:colcon.colcon_core.package_identification:_identify(.) by extension 'ignore'
[0.171s] Level 1:colcon.colcon_core.package_identification:_identify(.) by extension 'ignore_ament_install'
[0.171s] Level 1:colcon.colcon_core.package_identification:_identify(.) by extensions ['colcon_pkg']
[0.171s] Level 1:colcon.colcon_core.package_identification:_identify(.) by extension 'colcon_pkg'
[0.171s] Level 1:colcon.colcon_core.package_identification:_identify(.) by extensions ['colcon_meta']
[0.171s] Level 1:colcon.colcon_core.package_identification:_identify(.) by extension 'colcon_meta'
[0.171s] Level 1:colcon.colcon_core.package_identification:_identify(.) by extensions ['ros']
[0.171s] Level 1:colcon.colcon_core.package_identification:_identify(.) by extension 'ros'
[0.189s] Level 1:colcon.colcon_core.package_identification:_identify(.) by extensions ['cmake', 'python']
[0.189s] Level 1:colcon.colcon_core.package_identification:_identify(.) by extension 'cmake'
[0.189s] Level 1:colcon.colcon_core.package_identification:_identify(.) by extension 'python'
[0.189s] Level 1:colcon.colcon_core.package_identification:_identify(.) by extensions ['python_setup_py']
[0.189s] Level 1:colcon.colcon_core.package_identification:_identify(.) by extension 'python_setup_py'
[0.189s] Level 1:colcon.colcon_core.package_identification:_identify(build) by extensions ['ignore', 'ignore_ament_install']
[0.189s] Level 1:colcon.colcon_core.package_identification:_identify(build) by extension 'ignore'
[0.189s] Level 1:colcon.colcon_core.package_identification:_identify(build) ignored
[0.189s] Level 1:colcon.colcon_core.package_identification:_identify(install) by extensions ['ignore', 'ignore_ament_install']
[0.189s] Level 1:colcon.colcon_core.package_identification:_identify(install) by extension 'ignore'
[0.189s] Level 1:colcon.colcon_core.package_identification:_identify(install) ignored
[0.190s] Level 1:colcon.colcon_core.package_identification:_identify(log) by extensions ['ignore', 'ignore_ament_install']
[0.190s] Level 1:colcon.colcon_core.package_identification:_identify(log) by extension 'ignore'
[0.190s] Level 1:colcon.colcon_core.package_identification:_identify(log) ignored
[0.190s] Level 1:colcon.colcon_core.package_identification:_identify(src) by extensions ['ignore', 'ignore_ament_install']
[0.190s] Level 1:colcon.colcon_core.package_identification:_identify(src) by extension 'ignore'
[0.190s] Level 1:colcon.colcon_core.package_identification:_identify(src) by extension 'ignore_ament_install'
[0.190s] Level 1:colcon.colcon_core.package_identification:_identify(src) by extensions ['colcon_pkg']
[0.190s] Level 1:colcon.colcon_core.package_identification:_identify(src) by extension 'colcon_pkg'
[0.190s] Level 1:colcon.colcon_core.package_identification:_identify(src) by extensions ['colcon_meta']
[0.190s] Level 1:colcon.colcon_core.package_identification:_identify(src) by extension 'colcon_meta'
[0.190s] Level 1:colcon.colcon_core.package_identification:_identify(src) by extensions ['ros']
[0.190s] Level 1:colcon.colcon_core.package_identification:_identify(src) by extension 'ros'
[0.190s] Level 1:colcon.colcon_core.package_identification:_identify(src) by extensions ['cmake', 'python']
[0.190s] Level 1:colcon.colcon_core.package_identification:_identify(src) by extension 'cmake'
[0.190s] Level 1:colcon.colcon_core.package_identification:_identify(src) by extension 'python'
[0.190s] Level 1:colcon.colcon_core.package_identification:_identify(src) by extensions ['python_setup_py']
[0.190s] Level 1:colcon.colcon_core.package_identification:_identify(src) by extension 'python_setup_py'
[0.190s] Level 1:colcon.colcon_core.package_identification:_identify(src/rc_sim_description) by extensions ['ignore', 'ignore_ament_install']
[0.190s] Level 1:colcon.colcon_core.package_identification:_identify(src/rc_sim_description) by extension 'ignore'
[0.190s] Level 1:colcon.colcon_core.package_identification:_identify(src/rc_sim_description) by extension 'ignore_ament_install'
[0.190s] Level 1:colcon.colcon_core.package_identification:_identify(src/rc_sim_description) by extensions ['colcon_pkg']
[0.190s] Level 1:colcon.colcon_core.package_identification:_identify(src/rc_sim_description) by extension 'colcon_pkg'
[0.190s] Level 1:colcon.colcon_core.package_identification:_identify(src/rc_sim_description) by extensions ['colcon_meta']
[0.190s] Level 1:colcon.colcon_core.package_identification:_identify(src/rc_sim_description) by extension 'colcon_meta'
[0.191s] Level 1:colcon.colcon_core.package_identification:_identify(src/rc_sim_description) by extensions ['ros']
[0.191s] Level 1:colcon.colcon_core.package_identification:_identify(src/rc_sim_description) by extension 'ros'
[0.193s] DEBUG:colcon.colcon_core.package_identification:Package 'src/rc_sim_description' with type 'ros.ament_cmake' and name 'rc_sim_description'
[0.193s] Level 1:colcon.colcon_core.package_discovery:discover_packages(recursive) using defaults
[0.193s] Level 1:colcon.colcon_core.package_discovery:discover_packages(ignore) discover
[0.193s] Level 1:colcon.colcon_core.package_discovery:discover_packages(ignore) using defaults
[0.193s] Level 1:colcon.colcon_core.package_discovery:discover_packages(path) discover
[0.193s] Level 1:colcon.colcon_core.package_discovery:discover_packages(path) using defaults
[0.203s] Level 1:colcon.colcon_core.package_discovery:discover_packages(prefix_path) check parameters
[0.203s] Level 1:colcon.colcon_core.package_discovery:discover_packages(prefix_path) discover
[0.205s] DEBUG:colcon.colcon_installed_package_information.package_discovery:Found 1 installed packages in /home/santiago/AiAtonomousRc/install
[0.205s] DEBUG:colcon.colcon_installed_package_information.package_discovery:Found 316 installed packages in /opt/ros/jazzy
[0.206s] Level 1:colcon.colcon_core.package_discovery:discover_packages(prefix_path) using defaults
[0.245s] Level 5:colcon.colcon_core.verb:set package 'rc_sim_description' build argument 'cmake_args' from command line to 'None'
[0.245s] Level 5:colcon.colcon_core.verb:set package 'rc_sim_description' build argument 'cmake_target' from command line to 'None'
[0.245s] Level 5:colcon.colcon_core.verb:set package 'rc_sim_description' build argument 'cmake_target_skip_unavailable' from command line to 'False'
[0.245s] Level 5:colcon.colcon_core.verb:set package 'rc_sim_description' build argument 'cmake_clean_cache' from command line to 'False'
[0.245s] Level 5:colcon.colcon_core.verb:set package 'rc_sim_description' build argument 'cmake_clean_first' from command line to 'False'
[0.245s] Level 5:colcon.colcon_core.verb:set package 'rc_sim_description' build argument 'cmake_force_configure' from command line to 'False'
[0.245s] Level 5:colcon.colcon_core.verb:set package 'rc_sim_description' build argument 'ament_cmake_args' from command line to 'None'
[0.245s] Level 5:colcon.colcon_core.verb:set package 'rc_sim_description' build argument 'catkin_cmake_args' from command line to 'None'
[0.245s] Level 5:colcon.colcon_core.verb:set package 'rc_sim_description' build argument 'catkin_skip_building_tests' from command line to 'False'
[0.245s] DEBUG:colcon.colcon_core.verb:Building package 'rc_sim_description' with the following arguments: {'ament_cmake_args': None, 'build_base': '/home/santiago/AiAtonomousRc/build/rc_sim_description', 'catkin_cmake_args': None, 'catkin_skip_building_tests': False, 'cmake_args': None, 'cmake_clean_cache': False, 'cmake_clean_first': False, 'cmake_force_configure': False, 'cmake_target': None, 'cmake_target_skip_unavailable': False, 'install_base': '/home/santiago/AiAtonomousRc/install/rc_sim_description', 'merge_install': False, 'path': '/home/santiago/AiAtonomousRc/src/rc_sim_description', 'symlink_install': False, 'test_result_base': None}
[0.245s] INFO:colcon.colcon_core.executor:Executing jobs using 'parallel' executor
[0.246s] DEBUG:colcon.colcon_parallel_executor.executor.parallel:run_until_complete
[0.246s] INFO:colcon.colcon_ros.task.ament_cmake.build:Building ROS package in '/home/santiago/AiAtonomousRc/src/rc_sim_description' with build type 'ament_cmake'
[0.246s] INFO:colcon.colcon_cmake.task.cmake.build:Building CMake package in '/home/santiago/AiAtonomousRc/src/rc_sim_description'
[0.249s] INFO:colcon.colcon_core.plugin_system:Skipping extension 'colcon_core.shell.bat': Not used on non-Windows systems
[0.249s] INFO:colcon.colcon_core.shell:Skip shell extension 'powershell' for command environment: Not usable outside of PowerShell
[0.249s] DEBUG:colcon.colcon_core.shell:Skip shell extension 'dsv' for command environment
[0.260s] DEBUG:colcon.colcon_core.event_handler.log_command:Invoking command in '/home/santiago/AiAtonomousRc/build/rc_sim_description': CMAKE_PREFIX_PATH=${CMAKE_PREFIX_PATH}:/opt/ros/jazzy DEBUGINFOD_URLS=https://debuginfod.ubuntu.com /usr/bin/cmake --build /home/santiago/AiAtonomousRc/build/rc_sim_description -- -j22 -l22
[0.309s] DEBUG:colcon.colcon_core.event_handler.log_command:Invoked command in '/home/santiago/AiAtonomousRc/build/rc_sim_description' returned '0': CMAKE_PREFIX_PATH=${CMAKE_PREFIX_PATH}:/opt/ros/jazzy DEBUGINFOD_URLS=https://debuginfod.ubuntu.com /usr/bin/cmake --build /home/santiago/AiAtonomousRc/build/rc_sim_description -- -j22 -l22
[0.322s] DEBUG:colcon.colcon_core.event_handler.log_command:Invoking command in '/home/santiago/AiAtonomousRc/build/rc_sim_description': CMAKE_PREFIX_PATH=${CMAKE_PREFIX_PATH}:/opt/ros/jazzy DEBUGINFOD_URLS=https://debuginfod.ubuntu.com /usr/bin/cmake --install /home/santiago/AiAtonomousRc/build/rc_sim_description
[0.336s] Level 1:colcon.colcon_core.environment:create_environment_scripts_only(rc_sim_description)
[0.337s] DEBUG:colcon.colcon_core.event_handler.log_command:Invoked command in '/home/santiago/AiAtonomousRc/build/rc_sim_description' returned '0': CMAKE_PREFIX_PATH=${CMAKE_PREFIX_PATH}:/opt/ros/jazzy DEBUGINFOD_URLS=https://debuginfod.ubuntu.com /usr/bin/cmake --install /home/santiago/AiAtonomousRc/build/rc_sim_description
[0.338s] Level 1:colcon.colcon_core.environment:checking '/home/santiago/AiAtonomousRc/install/rc_sim_description' for CMake module files
[0.339s] Level 1:colcon.colcon_core.environment:checking '/home/santiago/AiAtonomousRc/install/rc_sim_description' for CMake config files
[0.339s] Level 1:colcon.colcon_core.shell:create_environment_hook('rc_sim_description', 'cmake_prefix_path')
[0.339s] INFO:colcon.colcon_core.shell:Creating environment hook '/home/santiago/AiAtonomousRc/install/rc_sim_description/share/rc_sim_description/hook/cmake_prefix_path.ps1'
[0.339s] INFO:colcon.colcon_core.shell:Creating environment descriptor '/home/santiago/AiAtonomousRc/install/rc_sim_description/share/rc_sim_description/hook/cmake_prefix_path.dsv'
[0.339s] INFO:colcon.colcon_core.shell:Creating environment hook '/home/santiago/AiAtonomousRc/install/rc_sim_description/share/rc_sim_description/hook/cmake_prefix_path.sh'
[0.340s] Level 1:colcon.colcon_core.environment:checking '/home/santiago/AiAtonomousRc/install/rc_sim_description/bin'
[0.340s] Level 1:colcon.colcon_core.environment:checking '/home/santiago/AiAtonomousRc/install/rc_sim_description/lib/pkgconfig/rc_sim_description.pc'
[0.340s] Level 1:colcon.colcon_core.environment:checking '/home/santiago/AiAtonomousRc/install/rc_sim_description/lib/python3.12/site-packages'
[0.340s] Level 1:colcon.colcon_core.environment:checking '/home/santiago/AiAtonomousRc/install/rc_sim_description/bin'
[0.340s] INFO:colcon.colcon_core.shell:Creating package script '/home/santiago/AiAtonomousRc/install/rc_sim_description/share/rc_sim_description/package.ps1'
[0.341s] INFO:colcon.colcon_core.shell:Creating package descriptor '/home/santiago/AiAtonomousRc/install/rc_sim_description/share/rc_sim_description/package.dsv'
[0.341s] INFO:colcon.colcon_core.shell:Creating package script '/home/santiago/AiAtonomousRc/install/rc_sim_description/share/rc_sim_description/package.sh'
[0.342s] INFO:colcon.colcon_core.shell:Creating package script '/home/santiago/AiAtonomousRc/install/rc_sim_description/share/rc_sim_description/package.bash'
[0.342s] INFO:colcon.colcon_core.shell:Creating package script '/home/santiago/AiAtonomousRc/install/rc_sim_description/share/rc_sim_description/package.zsh'
[0.342s] Level 1:colcon.colcon_core.environment:create_file_with_runtime_dependencies(/home/santiago/AiAtonomousRc/install/rc_sim_description/share/colcon-core/packages/rc_sim_description)
[0.343s] Level 1:colcon.colcon_core.environment:create_environment_scripts_only(rc_sim_description)
[0.343s] Level 1:colcon.colcon_core.environment:checking '/home/santiago/AiAtonomousRc/install/rc_sim_description' for CMake module files
[0.343s] Level 1:colcon.colcon_core.environment:checking '/home/santiago/AiAtonomousRc/install/rc_sim_description' for CMake config files
[0.343s] Level 1:colcon.colcon_core.shell:create_environment_hook('rc_sim_description', 'cmake_prefix_path')
[0.343s] INFO:colcon.colcon_core.shell:Creating environment hook '/home/santiago/AiAtonomousRc/install/rc_sim_description/share/rc_sim_description/hook/cmake_prefix_path.ps1'
[0.344s] INFO:colcon.colcon_core.shell:Creating environment descriptor '/home/santiago/AiAtonomousRc/install/rc_sim_description/share/rc_sim_description/hook/cmake_prefix_path.dsv'
[0.344s] INFO:colcon.colcon_core.shell:Creating environment hook '/home/santiago/AiAtonomousRc/install/rc_sim_description/share/rc_sim_description/hook/cmake_prefix_path.sh'
[0.344s] Level 1:colcon.colcon_core.environment:checking '/home/santiago/AiAtonomousRc/install/rc_sim_description/bin'
[0.344s] Level 1:colcon.colcon_core.environment:checking '/home/santiago/AiAtonomousRc/install/rc_sim_description/lib/pkgconfig/rc_sim_description.pc'
[0.344s] Level 1:colcon.colcon_core.environment:checking '/home/santiago/AiAtonomousRc/install/rc_sim_description/lib/python3.12/site-packages'
[0.345s] Level 1:colcon.colcon_core.environment:checking '/home/santiago/AiAtonomousRc/install/rc_sim_description/bin'
[0.345s] INFO:colcon.colcon_core.shell:Creating package script '/home/santiago/AiAtonomousRc/install/rc_sim_description/share/rc_sim_description/package.ps1'
[0.345s] INFO:colcon.colcon_core.shell:Creating package descriptor '/home/santiago/AiAtonomousRc/install/rc_sim_description/share/rc_sim_description/package.dsv'
[0.345s] INFO:colcon.colcon_core.shell:Creating package script '/home/santiago/AiAtonomousRc/install/rc_sim_description/share/rc_sim_description/package.sh'
[0.346s] INFO:colcon.colcon_core.shell:Creating package script '/home/santiago/AiAtonomousRc/install/rc_sim_description/share/rc_sim_description/package.bash'
[0.346s] INFO:colcon.colcon_core.shell:Creating package script '/home/santiago/AiAtonomousRc/install/rc_sim_description/share/rc_sim_description/package.zsh'
[0.346s] Level 1:colcon.colcon_core.environment:create_file_with_runtime_dependencies(/home/santiago/AiAtonomousRc/install/rc_sim_description/share/colcon-core/packages/rc_sim_description)
[0.347s] DEBUG:colcon.colcon_parallel_executor.executor.parallel:closing loop
[0.347s] DEBUG:colcon.colcon_parallel_executor.executor.parallel:loop closed
[0.348s] DEBUG:colcon.colcon_parallel_executor.executor.parallel:run_until_complete finished with '0'
[0.348s] DEBUG:colcon.colcon_core.event_reactor:joining thread
[0.376s] INFO:colcon.colcon_core.plugin_system:Skipping extension 'colcon_notification.desktop_notification.notify_send': Could not find 'notify-send'
[0.376s] INFO:colcon.colcon_core.plugin_system:Skipping extension 'colcon_notification.desktop_notification.terminal_notifier': Not used on non-Darwin systems
[0.376s] INFO:colcon.colcon_core.plugin_system:Skipping extension 'colcon_notification.desktop_notification.win32': Not used on non-Windows systems
[0.376s] INFO:colcon.colcon_notification.desktop_notification:Sending desktop notification using 'notify2'
[0.377s] DEBUG:colcon.colcon_notification.desktop_notification.notify2:Failed to initialize notify2: org.freedesktop.DBus.Error.ServiceUnknown: The name org.freedesktop.Notifications was not provided by any .service files
[0.377s] DEBUG:colcon.colcon_core.event_reactor:joined thread
[0.377s] INFO:colcon.colcon_core.shell:Creating prefix script '/home/santiago/AiAtonomousRc/install/local_setup.ps1'
[0.378s] INFO:colcon.colcon_core.shell:Creating prefix util module '/home/santiago/AiAtonomousRc/install/_local_setup_util_ps1.py'
[0.379s] INFO:colcon.colcon_core.shell:Creating prefix chain script '/home/santiago/AiAtonomousRc/install/setup.ps1'
[0.379s] INFO:colcon.colcon_core.shell:Creating prefix script '/home/santiago/AiAtonomousRc/install/local_setup.sh'
[0.380s] INFO:colcon.colcon_core.shell:Creating prefix util module '/home/santiago/AiAtonomousRc/install/_local_setup_util_sh.py'
[0.380s] INFO:colcon.colcon_core.shell:Creating prefix chain script '/home/santiago/AiAtonomousRc/install/setup.sh'
[0.380s] INFO:colcon.colcon_core.shell:Creating prefix script '/home/santiago/AiAtonomousRc/install/local_setup.bash'
[0.381s] INFO:colcon.colcon_core.shell:Creating prefix chain script '/home/santiago/AiAtonomousRc/install/setup.bash'
[0.381s] INFO:colcon.colcon_core.shell:Creating prefix script '/home/santiago/AiAtonomousRc/install/local_setup.zsh'
[0.381s] INFO:colcon.colcon_core.shell:Creating prefix chain script '/home/santiago/AiAtonomousRc/install/setup.zsh'
