[0.011s] Invoking command in '/home/santiago/AiAtonomousRc/build/rc_sim_description': CMAKE_PREFIX_PATH=${CMAKE_PREFIX_PATH}:/opt/ros/jazzy DEBUGINFOD_URLS=https://debuginfod.ubuntu.com /usr/bin/cmake --build /home/santiago/AiAtonomousRc/build/rc_sim_description -- -j22 -l22
[0.031s] -- Found ament_cmake: 2.5.4 (/opt/ros/jazzy/share/ament_cmake/cmake)
[0.205s] -- Found ament_lint_auto: 0.17.3 (/opt/ros/jazzy/share/ament_lint_auto/cmake)
[0.300s] -- Added test 'flake8' to check Python code syntax and style conventions
[0.300s] -- Configured 'flake8' exclude dirs and/or files: 
[0.301s] -- Added test 'lint_cmake' to check CMake code style
[0.301s] -- Added test 'pep257' to check Python code against some of the docstring style conventions in PEP 257
[0.303s] -- Added test 'xmllint' to check XML markup files
[0.304s] -- Configuring done (0.3s)
[0.307s] -- Generating done (0.0s)
[0.309s] -- Build files have been written to: /home/santiago/AiAtonomousRc/build/rc_sim_description
[0.332s] Invoked command in '/home/santiago/AiAtonomousRc/build/rc_sim_description' returned '0': CMAKE_PREFIX_PATH=${CMAKE_PREFIX_PATH}:/opt/ros/jazzy DEBUGINFOD_URLS=https://debuginfod.ubuntu.com /usr/bin/cmake --build /home/santiago/AiAtonomousRc/build/rc_sim_description -- -j22 -l22
[0.342s] Invoking command in '/home/santiago/AiAtonomousRc/build/rc_sim_description': CMAKE_PREFIX_PATH=${CMAKE_PREFIX_PATH}:/opt/ros/jazzy DEBUGINFOD_URLS=https://debuginfod.ubuntu.com /usr/bin/cmake --install /home/santiago/AiAtonomousRc/build/rc_sim_description
[0.349s] -- Install configuration: ""
[0.349s] -- Up-to-date: /home/santiago/AiAtonomousRc/install/rc_sim_description/share/rc_sim_description/launch
[0.349s] -- Installing: /home/santiago/AiAtonomousRc/install/rc_sim_description/share/rc_sim_description/launch/spawn_rc_car.launch.py
[0.349s] -- Up-to-date: /home/santiago/AiAtonomousRc/install/rc_sim_description/share/rc_sim_description/urdf
[0.349s] -- Up-to-date: /home/santiago/AiAtonomousRc/install/rc_sim_description/share/rc_sim_description/urdf/rc_car.urdf.xacro
[0.349s] -- Up-to-date: /home/santiago/AiAtonomousRc/install/rc_sim_description/share/rc_sim_description/worlds
[0.349s] -- Installing: /home/santiago/AiAtonomousRc/install/rc_sim_description/share/rc_sim_description/worlds/basic_track.world
[0.350s] -- Installing: /home/santiago/AiAtonomousRc/install/rc_sim_description/share/rc_sim_description/worlds/flat_track.world
[0.350s] -- Up-to-date: /home/santiago/AiAtonomousRc/install/rc_sim_description/share/rc_sim_description/config
[0.350s] -- Up-to-date: /home/santiago/AiAtonomousRc/install/rc_sim_description/share/rc_sim_description/config/rviz
[0.350s] -- Up-to-date: /home/santiago/AiAtonomousRc/install/rc_sim_description/share/rc_sim_description/config/rviz/rc_car.rviz
[0.350s] -- Up-to-date: /home/santiago/AiAtonomousRc/install/rc_sim_description/share/rc_sim_description/meshes
[0.350s] -- Installing: /home/santiago/AiAtonomousRc/install/rc_sim_description/share/ament_index/resource_index/package_run_dependencies/rc_sim_description
[0.350s] -- Up-to-date: /home/santiago/AiAtonomousRc/install/rc_sim_description/share/ament_index/resource_index/parent_prefix_path/rc_sim_description
[0.350s] -- Up-to-date: /home/santiago/AiAtonomousRc/install/rc_sim_description/share/rc_sim_description/environment/ament_prefix_path.sh
[0.350s] -- Up-to-date: /home/santiago/AiAtonomousRc/install/rc_sim_description/share/rc_sim_description/environment/ament_prefix_path.dsv
[0.350s] -- Up-to-date: /home/santiago/AiAtonomousRc/install/rc_sim_description/share/rc_sim_description/environment/path.sh
[0.350s] -- Up-to-date: /home/santiago/AiAtonomousRc/install/rc_sim_description/share/rc_sim_description/environment/path.dsv
[0.350s] -- Up-to-date: /home/santiago/AiAtonomousRc/install/rc_sim_description/share/rc_sim_description/local_setup.bash
[0.350s] -- Up-to-date: /home/santiago/AiAtonomousRc/install/rc_sim_description/share/rc_sim_description/local_setup.sh
[0.350s] -- Up-to-date: /home/santiago/AiAtonomousRc/install/rc_sim_description/share/rc_sim_description/local_setup.zsh
[0.350s] -- Up-to-date: /home/santiago/AiAtonomousRc/install/rc_sim_description/share/rc_sim_description/local_setup.dsv
[0.350s] -- Installing: /home/santiago/AiAtonomousRc/install/rc_sim_description/share/rc_sim_description/package.dsv
[0.350s] -- Up-to-date: /home/santiago/AiAtonomousRc/install/rc_sim_description/share/ament_index/resource_index/packages/rc_sim_description
[0.350s] -- Up-to-date: /home/santiago/AiAtonomousRc/install/rc_sim_description/share/rc_sim_description/cmake/rc_sim_descriptionConfig.cmake
[0.350s] -- Up-to-date: /home/santiago/AiAtonomousRc/install/rc_sim_description/share/rc_sim_description/cmake/rc_sim_descriptionConfig-version.cmake
[0.350s] -- Installing: /home/santiago/AiAtonomousRc/install/rc_sim_description/share/rc_sim_description/package.xml
[0.351s] Invoked command in '/home/santiago/AiAtonomousRc/build/rc_sim_description' returned '0': CMAKE_PREFIX_PATH=${CMAKE_PREFIX_PATH}:/opt/ros/jazzy DEBUGINFOD_URLS=https://debuginfod.ubuntu.com /usr/bin/cmake --install /home/santiago/AiAtonomousRc/build/rc_sim_description
