[0.011s] Invoking command in '/home/santiago/AiAtonomousRc/build/rc_sim_description': CMAKE_PREFIX_PATH=${CMAKE_PREFIX_PATH}:/opt/ros/jazzy DEBUGINFOD_URLS=https://debuginfod.ubuntu.com /usr/bin/cmake /home/santiago/AiAtonomousRc/src/rc_sim_description -DCMAKE_INSTALL_PREFIX=/home/santiago/AiAtonomousRc/install/rc_sim_description
[0.173s] -- The C compiler identification is GNU 13.3.0
[0.499s] -- The CXX compiler identification is GNU 13.3.0
[0.759s] -- Detecting C compiler ABI info
[0.899s] -- Detecting C compiler ABI info - done
[0.904s] -- Check for working C compiler: /usr/bin/cc - skipped
[0.906s] -- Detecting C compile features
[0.906s] -- Detecting C compile features - done
[0.947s] -- Detecting CXX compiler ABI info
[1.084s] -- Detecting CXX compiler ABI info - done
[1.090s] -- Check for working CXX compiler: /usr/bin/c++ - skipped
[1.090s] -- Detecting CXX compile features
[1.090s] -- Detecting CXX compile features - done
[1.102s] -- Found ament_cmake: 2.5.4 (/opt/ros/jazzy/share/ament_cmake/cmake)
[1.204s] -- Found Python3: /usr/bin/python3 (found version "3.12.3") found components: Interpreter 
[1.293s] -- Found ament_lint_auto: 0.17.3 (/opt/ros/jazzy/share/ament_lint_auto/cmake)
[1.372s] -- Added test 'lint_cmake' to check CMake code style
[1.373s] -- Added test 'xmllint' to check XML markup files
[1.375s] -- Configuring done (1.3s)
[1.377s] -- Generating done (0.0s)
[1.378s] -- Build files have been written to: /home/santiago/AiAtonomousRc/build/rc_sim_description
[1.382s] Invoked command in '/home/santiago/AiAtonomousRc/build/rc_sim_description' returned '0': CMAKE_PREFIX_PATH=${CMAKE_PREFIX_PATH}:/opt/ros/jazzy DEBUGINFOD_URLS=https://debuginfod.ubuntu.com /usr/bin/cmake /home/santiago/AiAtonomousRc/src/rc_sim_description -DCMAKE_INSTALL_PREFIX=/home/santiago/AiAtonomousRc/install/rc_sim_description
[1.383s] Invoking command in '/home/santiago/AiAtonomousRc/build/rc_sim_description': CMAKE_PREFIX_PATH=${CMAKE_PREFIX_PATH}:/opt/ros/jazzy DEBUGINFOD_URLS=https://debuginfod.ubuntu.com /usr/bin/cmake --build /home/santiago/AiAtonomousRc/build/rc_sim_description -- -j22 -l22
[1.410s] Invoked command in '/home/santiago/AiAtonomousRc/build/rc_sim_description' returned '0': CMAKE_PREFIX_PATH=${CMAKE_PREFIX_PATH}:/opt/ros/jazzy DEBUGINFOD_URLS=https://debuginfod.ubuntu.com /usr/bin/cmake --build /home/santiago/AiAtonomousRc/build/rc_sim_description -- -j22 -l22
[1.417s] Invoking command in '/home/santiago/AiAtonomousRc/build/rc_sim_description': CMAKE_PREFIX_PATH=${CMAKE_PREFIX_PATH}:/opt/ros/jazzy DEBUGINFOD_URLS=https://debuginfod.ubuntu.com /usr/bin/cmake --install /home/santiago/AiAtonomousRc/build/rc_sim_description
[1.423s] -- Install configuration: ""
[1.424s] -- Installing: /home/santiago/AiAtonomousRc/install/rc_sim_description/share/ament_index/resource_index/package_run_dependencies/rc_sim_description
[1.424s] -- Installing: /home/santiago/AiAtonomousRc/install/rc_sim_description/share/ament_index/resource_index/parent_prefix_path/rc_sim_description
[1.424s] -- Installing: /home/santiago/AiAtonomousRc/install/rc_sim_description/share/rc_sim_description/environment/ament_prefix_path.sh
[1.425s] -- Installing: /home/santiago/AiAtonomousRc/install/rc_sim_description/share/rc_sim_description/environment/ament_prefix_path.dsv
[1.425s] -- Installing: /home/santiago/AiAtonomousRc/install/rc_sim_description/share/rc_sim_description/environment/path.sh
[1.425s] -- Installing: /home/santiago/AiAtonomousRc/install/rc_sim_description/share/rc_sim_description/environment/path.dsv
[1.425s] -- Installing: /home/santiago/AiAtonomousRc/install/rc_sim_description/share/rc_sim_description/local_setup.bash
[1.425s] -- Installing: /home/santiago/AiAtonomousRc/install/rc_sim_description/share/rc_sim_description/local_setup.sh
[1.425s] -- Installing: /home/santiago/AiAtonomousRc/install/rc_sim_description/share/rc_sim_description/local_setup.zsh
[1.425s] -- Installing: /home/santiago/AiAtonomousRc/install/rc_sim_description/share/rc_sim_description/local_setup.dsv
[1.425s] -- Installing: /home/santiago/AiAtonomousRc/install/rc_sim_description/share/rc_sim_description/package.dsv
[1.425s] -- Installing: /home/santiago/AiAtonomousRc/install/rc_sim_description/share/ament_index/resource_index/packages/rc_sim_description
[1.425s] -- Installing: /home/santiago/AiAtonomousRc/install/rc_sim_description/share/rc_sim_description/cmake/rc_sim_descriptionConfig.cmake
[1.425s] -- Installing: /home/santiago/AiAtonomousRc/install/rc_sim_description/share/rc_sim_description/cmake/rc_sim_descriptionConfig-version.cmake
[1.425s] -- Installing: /home/santiago/AiAtonomousRc/install/rc_sim_description/share/rc_sim_description/package.xml
[1.427s] Invoked command in '/home/santiago/AiAtonomousRc/build/rc_sim_description' returned '0': CMAKE_PREFIX_PATH=${CMAKE_PREFIX_PATH}:/opt/ros/jazzy DEBUGINFOD_URLS=https://debuginfod.ubuntu.com /usr/bin/cmake --install /home/santiago/AiAtonomousRc/build/rc_sim_description
